{"D:\\question-creator\\src\\schemas\\exam.schema.ts": {"path":"D:\\question-creator\\src\\schemas\\exam.schema.ts","statementMap":{"0":{"start":{"line":8,"column":32},"end":{"line":31,"column":null}},"1":{"start":{"line":35,"column":32},"end":{"line":62,"column":null}},"2":{"start":{"line":66,"column":32},"end":{"line":66,"column":null}},"3":{"start":{"line":71,"column":34},"end":{"line":80,"column":null}},"4":{"start":{"line":84,"column":39},"end":{"line":108,"column":null}},"5":{"start":{"line":112,"column":34},"end":{"line":120,"column":null}}},"fnMap":{},"branchMap":{},"s":{"0":2,"1":2,"2":2,"3":2,"4":2,"5":2},"f":{},"b":{},"meta":{"lastBranch":0,"lastFunction":0,"lastStatement":6,"seen":{"s:8:32:31:Infinity":0,"s:35:32:62:Infinity":1,"s:66:32:66:Infinity":2,"s:71:34:80:Infinity":3,"s:84:39:108:Infinity":4,"s:112:34:120:Infinity":5}}}
,"D:\\question-creator\\src\\services\\database\\supabase-client.ts": {"path":"D:\\question-creator\\src\\services\\database\\supabase-client.ts","statementMap":{"0":{"start":{"line":8,"column":44},"end":{"line":8,"column":null}},"1":{"start":{"line":14,"column":2},"end":{"line":23,"column":null}},"2":{"start":{"line":15,"column":24},"end":{"line":15,"column":null}},"3":{"start":{"line":16,"column":24},"end":{"line":16,"column":null}},"4":{"start":{"line":18,"column":4},"end":{"line":20,"column":null}},"5":{"start":{"line":19,"column":6},"end":{"line":19,"column":null}},"6":{"start":{"line":22,"column":4},"end":{"line":22,"column":null}},"7":{"start":{"line":25,"column":2},"end":{"line":25,"column":null}},"8":{"start":{"line":32,"column":22},"end":{"line":32,"column":null}},"9":{"start":{"line":33,"column":29},"end":{"line":33,"column":null}},"10":{"start":{"line":35,"column":2},"end":{"line":37,"column":null}},"11":{"start":{"line":36,"column":4},"end":{"line":36,"column":null}},"12":{"start":{"line":39,"column":2},"end":{"line":39,"column":null}},"13":{"start":{"line":50,"column":17},"end":{"line":50,"column":null}},"14":{"start":{"line":52,"column":2},"end":{"line":67,"column":null}},"15":{"start":{"line":54,"column":22},"end":{"line":56,"column":null}},"16":{"start":{"line":58,"column":4},"end":{"line":61,"column":null}},"17":{"start":{"line":59,"column":6},"end":{"line":59,"column":null}},"18":{"start":{"line":60,"column":6},"end":{"line":60,"column":null}},"19":{"start":{"line":63,"column":4},"end":{"line":63,"column":null}},"20":{"start":{"line":65,"column":4},"end":{"line":65,"column":null}},"21":{"start":{"line":66,"column":4},"end":{"line":66,"column":null}},"22":{"start":{"line":74,"column":17},"end":{"line":74,"column":null}},"23":{"start":{"line":76,"column":2},"end":{"line":90,"column":null}},"24":{"start":{"line":77,"column":22},"end":{"line":79,"column":null}},"25":{"start":{"line":81,"column":4},"end":{"line":84,"column":null}},"26":{"start":{"line":82,"column":6},"end":{"line":82,"column":null}},"27":{"start":{"line":83,"column":6},"end":{"line":83,"column":null}},"28":{"start":{"line":86,"column":4},"end":{"line":86,"column":null}},"29":{"start":{"line":88,"column":4},"end":{"line":88,"column":null}},"30":{"start":{"line":89,"column":4},"end":{"line":89,"column":null}},"31":{"start":{"line":101,"column":19},"end":{"line":101,"column":null}},"32":{"start":{"line":103,"column":2},"end":{"line":105,"column":null}},"33":{"start":{"line":104,"column":4},"end":{"line":104,"column":null}},"34":{"start":{"line":107,"column":2},"end":{"line":111,"column":null}},"35":{"start":{"line":108,"column":4},"end":{"line":108,"column":null}},"36":{"start":{"line":110,"column":4},"end":{"line":110,"column":null}},"37":{"start":{"line":120,"column":13},"end":{"line":120,"column":null}},"38":{"start":{"line":121,"column":2},"end":{"line":125,"column":null}},"39":{"start":{"line":121,"column":15},"end":{"line":121,"column":18}},"40":{"start":{"line":122,"column":17},"end":{"line":122,"column":null}},"41":{"start":{"line":123,"column":4},"end":{"line":123,"column":null}},"42":{"start":{"line":124,"column":4},"end":{"line":124,"column":null}},"43":{"start":{"line":126,"column":2},"end":{"line":126,"column":null}},"44":{"start":{"line":133,"column":2},"end":{"line":140,"column":null}},"45":{"start":{"line":134,"column":19},"end":{"line":134,"column":null}},"46":{"start":{"line":135,"column":31},"end":{"line":135,"column":null}},"47":{"start":{"line":136,"column":4},"end":{"line":136,"column":null}},"48":{"start":{"line":138,"column":4},"end":{"line":138,"column":null}},"49":{"start":{"line":139,"column":4},"end":{"line":139,"column":null}}},"fnMap":{"0":{"name":"getSupabaseClient","decl":{"start":{"line":13,"column":16},"end":{"line":13,"column":52}},"loc":{"start":{"line":13,"column":52},"end":{"line":26,"column":null}},"line":13},"1":{"name":"getSupabaseServiceClient","decl":{"start":{"line":31,"column":16},"end":{"line":31,"column":59}},"loc":{"start":{"line":31,"column":59},"end":{"line":40,"column":null}},"line":31},"2":{"name":"acquireAdvisoryLock","decl":{"start":{"line":46,"column":22},"end":{"line":46,"column":null}},"loc":{"start":{"line":49,"column":20},"end":{"line":68,"column":null}},"line":49},"3":{"name":"releaseAdvisoryLock","decl":{"start":{"line":73,"column":22},"end":{"line":73,"column":42}},"loc":{"start":{"line":73,"column":76},"end":{"line":91,"column":null}},"line":73},"4":{"name":"withAdvisoryLock","decl":{"start":{"line":96,"column":22},"end":{"line":96,"column":null}},"loc":{"start":{"line":100,"column":21},"end":{"line":112,"column":null}},"line":100},"5":{"name":"hashUuidToLockId","decl":{"start":{"line":117,"column":16},"end":{"line":117,"column":33}},"loc":{"start":{"line":117,"column":55},"end":{"line":127,"column":null}},"line":117},"6":{"name":"getCurrentUserId","decl":{"start":{"line":132,"column":22},"end":{"line":132,"column":39}},"loc":{"start":{"line":132,"column":84},"end":{"line":141,"column":null}},"line":132}},"branchMap":{"0":{"loc":{"start":{"line":14,"column":2},"end":{"line":23,"column":null}},"type":"if","locations":[{"start":{"line":14,"column":2},"end":{"line":23,"column":null}},{"start":{},"end":{}}],"line":14},"1":{"loc":{"start":{"line":15,"column":24},"end":{"line":15,"column":null}},"type":"binary-expr","locations":[{"start":{"line":15,"column":24},"end":{"line":15,"column":52}},{"start":{"line":15,"column":52},"end":{"line":15,"column":null}}],"line":15},"2":{"loc":{"start":{"line":16,"column":24},"end":{"line":16,"column":null}},"type":"binary-expr","locations":[{"start":{"line":16,"column":24},"end":{"line":16,"column":57}},{"start":{"line":16,"column":57},"end":{"line":16,"column":null}}],"line":16},"3":{"loc":{"start":{"line":18,"column":4},"end":{"line":20,"column":null}},"type":"if","locations":[{"start":{"line":18,"column":4},"end":{"line":20,"column":null}},{"start":{},"end":{}}],"line":18},"4":{"loc":{"start":{"line":18,"column":8},"end":{"line":18,"column":38}},"type":"binary-expr","locations":[{"start":{"line":18,"column":8},"end":{"line":18,"column":24}},{"start":{"line":18,"column":24},"end":{"line":18,"column":38}}],"line":18},"5":{"loc":{"start":{"line":32,"column":22},"end":{"line":32,"column":null}},"type":"binary-expr","locations":[{"start":{"line":32,"column":22},"end":{"line":32,"column":50}},{"start":{"line":32,"column":50},"end":{"line":32,"column":null}}],"line":32},"6":{"loc":{"start":{"line":33,"column":29},"end":{"line":33,"column":null}},"type":"binary-expr","locations":[{"start":{"line":33,"column":29},"end":{"line":33,"column":65}},{"start":{"line":33,"column":65},"end":{"line":33,"column":null}}],"line":33},"7":{"loc":{"start":{"line":35,"column":2},"end":{"line":37,"column":null}},"type":"if","locations":[{"start":{"line":35,"column":2},"end":{"line":37,"column":null}},{"start":{},"end":{}}],"line":35},"8":{"loc":{"start":{"line":35,"column":6},"end":{"line":35,"column":43}},"type":"binary-expr","locations":[{"start":{"line":35,"column":6},"end":{"line":35,"column":22}},{"start":{"line":35,"column":22},"end":{"line":35,"column":43}}],"line":35},"9":{"loc":{"start":{"line":48,"column":2},"end":{"line":48,"column":null}},"type":"default-arg","locations":[{"start":{"line":48,"column":22},"end":{"line":48,"column":null}}],"line":48},"10":{"loc":{"start":{"line":58,"column":4},"end":{"line":61,"column":null}},"type":"if","locations":[{"start":{"line":58,"column":4},"end":{"line":61,"column":null}},{"start":{},"end":{}}],"line":58},"11":{"loc":{"start":{"line":81,"column":4},"end":{"line":84,"column":null}},"type":"if","locations":[{"start":{"line":81,"column":4},"end":{"line":84,"column":null}},{"start":{},"end":{}}],"line":81},"12":{"loc":{"start":{"line":99,"column":2},"end":{"line":99,"column":null}},"type":"default-arg","locations":[{"start":{"line":99,"column":22},"end":{"line":99,"column":null}}],"line":99},"13":{"loc":{"start":{"line":103,"column":2},"end":{"line":105,"column":null}},"type":"if","locations":[{"start":{"line":103,"column":2},"end":{"line":105,"column":null}},{"start":{},"end":{}}],"line":103},"14":{"loc":{"start":{"line":136,"column":11},"end":{"line":136,"column":null}},"type":"binary-expr","locations":[{"start":{"line":136,"column":11},"end":{"line":136,"column":23}},{"start":{"line":136,"column":23},"end":{"line":136,"column":null}}],"line":136}},"s":{"0":1,"1":0,"2":0,"3":0,"4":0,"5":0,"6":0,"7":0,"8":0,"9":0,"10":0,"11":0,"12":0,"13":0,"14":0,"15":0,"16":0,"17":0,"18":0,"19":0,"20":0,"21":0,"22":0,"23":0,"24":0,"25":0,"26":0,"27":0,"28":0,"29":0,"30":0,"31":0,"32":0,"33":0,"34":0,"35":0,"36":0,"37":0,"38":0,"39":0,"40":0,"41":0,"42":0,"43":0,"44":0,"45":0,"46":0,"47":0,"48":0,"49":0},"f":{"0":0,"1":0,"2":0,"3":0,"4":0,"5":0,"6":0},"b":{"0":[0,0],"1":[0,0],"2":[0,0],"3":[0,0],"4":[0,0],"5":[0,0],"6":[0,0],"7":[0,0],"8":[0,0],"9":[0],"10":[0,0],"11":[0,0],"12":[0],"13":[0,0],"14":[0,0]},"meta":{"lastBranch":15,"lastFunction":7,"lastStatement":50,"seen":{"s:8:44:8:Infinity":0,"f:13:16:13:52":0,"b:14:2:23:Infinity:undefined:undefined:undefined:undefined":0,"s:14:2:23:Infinity":1,"s:15:24:15:Infinity":2,"b:15:24:15:52:15:52:15:Infinity":1,"s:16:24:16:Infinity":3,"b:16:24:16:57:16:57:16:Infinity":2,"b:18:4:20:Infinity:undefined:undefined:undefined:undefined":3,"s:18:4:20:Infinity":4,"b:18:8:18:24:18:24:18:38":4,"s:19:6:19:Infinity":5,"s:22:4:22:Infinity":6,"s:25:2:25:Infinity":7,"f:31:16:31:59":1,"s:32:22:32:Infinity":8,"b:32:22:32:50:32:50:32:Infinity":5,"s:33:29:33:Infinity":9,"b:33:29:33:65:33:65:33:Infinity":6,"b:35:2:37:Infinity:undefined:undefined:undefined:undefined":7,"s:35:2:37:Infinity":10,"b:35:6:35:22:35:22:35:43":8,"s:36:4:36:Infinity":11,"s:39:2:39:Infinity":12,"f:46:22:46:Infinity":2,"b:48:22:48:Infinity":9,"s:50:17:50:Infinity":13,"s:52:2:67:Infinity":14,"s:54:22:56:Infinity":15,"b:58:4:61:Infinity:undefined:undefined:undefined:undefined":10,"s:58:4:61:Infinity":16,"s:59:6:59:Infinity":17,"s:60:6:60:Infinity":18,"s:63:4:63:Infinity":19,"s:65:4:65:Infinity":20,"s:66:4:66:Infinity":21,"f:73:22:73:42":3,"s:74:17:74:Infinity":22,"s:76:2:90:Infinity":23,"s:77:22:79:Infinity":24,"b:81:4:84:Infinity:undefined:undefined:undefined:undefined":11,"s:81:4:84:Infinity":25,"s:82:6:82:Infinity":26,"s:83:6:83:Infinity":27,"s:86:4:86:Infinity":28,"s:88:4:88:Infinity":29,"s:89:4:89:Infinity":30,"f:96:22:96:Infinity":4,"b:99:22:99:Infinity":12,"s:101:19:101:Infinity":31,"b:103:2:105:Infinity:undefined:undefined:undefined:undefined":13,"s:103:2:105:Infinity":32,"s:104:4:104:Infinity":33,"s:107:2:111:Infinity":34,"s:108:4:108:Infinity":35,"s:110:4:110:Infinity":36,"f:117:16:117:33":5,"s:120:13:120:Infinity":37,"s:121:2:125:Infinity":38,"s:121:15:121:18":39,"s:122:17:122:Infinity":40,"s:123:4:123:Infinity":41,"s:124:4:124:Infinity":42,"s:126:2:126:Infinity":43,"f:132:22:132:39":6,"s:133:2:140:Infinity":44,"s:134:19:134:Infinity":45,"s:135:31:135:Infinity":46,"s:136:4:136:Infinity":47,"b:136:11:136:23:136:23:136:Infinity":14,"s:138:4:138:Infinity":48,"s:139:4:139:Infinity":49}}}
,"D:\\question-creator\\src\\services\\exams\\exam.service.ts": {"path":"D:\\question-creator\\src\\services\\exams\\exam.service.ts","statementMap":{"0":{"start":{"line":26,"column":8},"end":{"line":26,"column":null}},"1":{"start":{"line":28,"column":26},"end":{"line":31,"column":null}},"2":{"start":{"line":33,"column":2},"end":{"line":36,"column":null}},"3":{"start":{"line":34,"column":4},"end":{"line":34,"column":null}},"4":{"start":{"line":35,"column":4},"end":{"line":35,"column":null}},"5":{"start":{"line":39,"column":2},"end":{"line":39,"column":null}},"6":{"start":{"line":46,"column":2},"end":{"line":46,"column":null}},"7":{"start":{"line":60,"column":2},"end":{"line":152,"column":null}},"8":{"start":{"line":61,"column":10},"end":{"line":61,"column":null}},"9":{"start":{"line":64,"column":28},"end":{"line":64,"column":null}},"10":{"start":{"line":67,"column":4},"end":{"line":72,"column":null}},"11":{"start":{"line":68,"column":6},"end":{"line":71,"column":null}},"12":{"start":{"line":75,"column":27},"end":{"line":75,"column":null}},"13":{"start":{"line":76,"column":4},"end":{"line":81,"column":null}},"14":{"start":{"line":77,"column":6},"end":{"line":80,"column":null}},"15":{"start":{"line":84,"column":10},"end":{"line":84,"column":null}},"16":{"start":{"line":86,"column":4},"end":{"line":144,"column":null}},"17":{"start":{"line":88,"column":51},"end":{"line":101,"column":null}},"18":{"start":{"line":103,"column":6},"end":{"line":109,"column":null}},"19":{"start":{"line":104,"column":8},"end":{"line":104,"column":null}},"20":{"start":{"line":105,"column":8},"end":{"line":108,"column":null}},"21":{"start":{"line":111,"column":21},"end":{"line":111,"column":null}},"22":{"start":{"line":112,"column":24},"end":{"line":112,"column":null}},"23":{"start":{"line":115,"column":28},"end":{"line":119,"column":null}},"24":{"start":{"line":115,"column":72},"end":{"line":119,"column":8}},"25":{"start":{"line":121,"column":42},"end":{"line":123,"column":null}},"26":{"start":{"line":125,"column":6},"end":{"line":133,"column":null}},"27":{"start":{"line":126,"column":8},"end":{"line":126,"column":null}},"28":{"start":{"line":128,"column":8},"end":{"line":128,"column":null}},"29":{"start":{"line":129,"column":8},"end":{"line":132,"column":null}},"30":{"start":{"line":135,"column":6},"end":{"line":143,"column":null}},"31":{"start":{"line":146,"column":20},"end":{"line":146,"column":null}},"32":{"start":{"line":147,"column":4},"end":{"line":147,"column":null}},"33":{"start":{"line":148,"column":4},"end":{"line":151,"column":null}},"34":{"start":{"line":174,"column":2},"end":{"line":276,"column":null}},"35":{"start":{"line":175,"column":10},"end":{"line":175,"column":null}},"36":{"start":{"line":176,"column":18},"end":{"line":176,"column":null}},"37":{"start":{"line":177,"column":17},"end":{"line":177,"column":null}},"38":{"start":{"line":178,"column":10},"end":{"line":178,"column":null}},"39":{"start":{"line":181,"column":21},"end":{"line":184,"column":null}},"40":{"start":{"line":186,"column":20},"end":{"line":197,"column":null}},"41":{"start":{"line":200,"column":4},"end":{"line":203,"column":null}},"42":{"start":{"line":201,"column":6},"end":{"line":201,"column":null}},"43":{"start":{"line":202,"column":6},"end":{"line":202,"column":null}},"44":{"start":{"line":206,"column":53},"end":{"line":206,"column":null}},"45":{"start":{"line":208,"column":4},"end":{"line":214,"column":null}},"46":{"start":{"line":209,"column":6},"end":{"line":209,"column":null}},"47":{"start":{"line":210,"column":6},"end":{"line":213,"column":null}},"48":{"start":{"line":217,"column":47},"end":{"line":219,"column":null}},"49":{"start":{"line":221,"column":4},"end":{"line":227,"column":null}},"50":{"start":{"line":222,"column":6},"end":{"line":222,"column":null}},"51":{"start":{"line":223,"column":6},"end":{"line":226,"column":null}},"52":{"start":{"line":230,"column":29},"end":{"line":253,"column":null}},"53":{"start":{"line":233,"column":41},"end":{"line":236,"column":null}},"54":{"start":{"line":243,"column":8},"end":{"line":251,"column":null}},"55":{"start":{"line":255,"column":23},"end":{"line":255,"column":null}},"56":{"start":{"line":257,"column":4},"end":{"line":268,"column":null}},"57":{"start":{"line":270,"column":20},"end":{"line":270,"column":null}},"58":{"start":{"line":271,"column":4},"end":{"line":271,"column":null}},"59":{"start":{"line":272,"column":4},"end":{"line":275,"column":null}},"60":{"start":{"line":291,"column":2},"end":{"line":387,"column":null}},"61":{"start":{"line":292,"column":10},"end":{"line":292,"column":null}},"62":{"start":{"line":295,"column":49},"end":{"line":300,"column":null}},"63":{"start":{"line":302,"column":4},"end":{"line":316,"column":null}},"64":{"start":{"line":303,"column":6},"end":{"line":309,"column":null}},"65":{"start":{"line":304,"column":8},"end":{"line":308,"column":null}},"66":{"start":{"line":310,"column":6},"end":{"line":310,"column":null}},"67":{"start":{"line":311,"column":6},"end":{"line":315,"column":null}},"68":{"start":{"line":319,"column":4},"end":{"line":325,"column":null}},"69":{"start":{"line":320,"column":6},"end":{"line":324,"column":null}},"70":{"start":{"line":328,"column":59},"end":{"line":342,"column":null}},"71":{"start":{"line":344,"column":4},"end":{"line":351,"column":null}},"72":{"start":{"line":345,"column":6},"end":{"line":345,"column":null}},"73":{"start":{"line":346,"column":6},"end":{"line":350,"column":null}},"74":{"start":{"line":354,"column":10},"end":{"line":359,"column":null}},"75":{"start":{"line":354,"column":71},"end":{"line":359,"column":6}},"76":{"start":{"line":362,"column":21},"end":{"line":362,"column":null}},"77":{"start":{"line":364,"column":4},"end":{"line":378,"column":null}},"78":{"start":{"line":380,"column":20},"end":{"line":380,"column":null}},"79":{"start":{"line":381,"column":4},"end":{"line":381,"column":null}},"80":{"start":{"line":382,"column":4},"end":{"line":386,"column":null}},"81":{"start":{"line":404,"column":2},"end":{"line":583,"column":null}},"82":{"start":{"line":405,"column":10},"end":{"line":405,"column":null}},"83":{"start":{"line":408,"column":49},"end":{"line":413,"column":null}},"84":{"start":{"line":415,"column":4},"end":{"line":421,"column":null}},"85":{"start":{"line":416,"column":6},"end":{"line":420,"column":null}},"86":{"start":{"line":425,"column":30},"end":{"line":425,"column":null}},"87":{"start":{"line":427,"column":4},"end":{"line":433,"column":null}},"88":{"start":{"line":428,"column":6},"end":{"line":432,"column":null}},"89":{"start":{"line":436,"column":4},"end":{"line":534,"column":null}},"90":{"start":{"line":437,"column":30},"end":{"line":437,"column":null}},"91":{"start":{"line":439,"column":6},"end":{"line":445,"column":null}},"92":{"start":{"line":440,"column":8},"end":{"line":444,"column":null}},"93":{"start":{"line":447,"column":29},"end":{"line":447,"column":null}},"94":{"start":{"line":448,"column":6},"end":{"line":454,"column":null}},"95":{"start":{"line":449,"column":8},"end":{"line":453,"column":null}},"96":{"start":{"line":457,"column":12},"end":{"line":457,"column":null}},"97":{"start":{"line":458,"column":6},"end":{"line":533,"column":null}},"98":{"start":{"line":460,"column":39},"end":{"line":463,"column":null}},"99":{"start":{"line":465,"column":8},"end":{"line":472,"column":null}},"100":{"start":{"line":466,"column":10},"end":{"line":466,"column":null}},"101":{"start":{"line":467,"column":10},"end":{"line":471,"column":null}},"102":{"start":{"line":475,"column":30},"end":{"line":479,"column":null}},"103":{"start":{"line":475,"column":74},"end":{"line":479,"column":10}},"104":{"start":{"line":481,"column":39},"end":{"line":483,"column":null}},"105":{"start":{"line":485,"column":8},"end":{"line":492,"column":null}},"106":{"start":{"line":486,"column":10},"end":{"line":486,"column":null}},"107":{"start":{"line":487,"column":10},"end":{"line":491,"column":null}},"108":{"start":{"line":495,"column":32},"end":{"line":497,"column":null}},"109":{"start":{"line":499,"column":8},"end":{"line":499,"column":null}},"110":{"start":{"line":499,"column":38},"end":{"line":499,"column":null}},"111":{"start":{"line":500,"column":8},"end":{"line":500,"column":null}},"112":{"start":{"line":500,"column":45},"end":{"line":500,"column":null}},"113":{"start":{"line":501,"column":8},"end":{"line":501,"column":null}},"114":{"start":{"line":501,"column":50},"end":{"line":501,"column":null}},"115":{"start":{"line":502,"column":8},"end":{"line":502,"column":null}},"116":{"start":{"line":502,"column":47},"end":{"line":502,"column":null}},"117":{"start":{"line":504,"column":58},"end":{"line":509,"column":null}},"118":{"start":{"line":511,"column":8},"end":{"line":518,"column":null}},"119":{"start":{"line":512,"column":10},"end":{"line":512,"column":null}},"120":{"start":{"line":513,"column":10},"end":{"line":517,"column":null}},"121":{"start":{"line":520,"column":8},"end":{"line":532,"column":null}},"122":{"start":{"line":537,"column":28},"end":{"line":539,"column":null}},"123":{"start":{"line":541,"column":4},"end":{"line":541,"column":null}},"124":{"start":{"line":541,"column":34},"end":{"line":541,"column":null}},"125":{"start":{"line":542,"column":4},"end":{"line":542,"column":null}},"126":{"start":{"line":542,"column":41},"end":{"line":542,"column":null}},"127":{"start":{"line":543,"column":4},"end":{"line":543,"column":null}},"128":{"start":{"line":543,"column":46},"end":{"line":543,"column":null}},"129":{"start":{"line":544,"column":4},"end":{"line":544,"column":null}},"130":{"start":{"line":544,"column":43},"end":{"line":544,"column":null}},"131":{"start":{"line":546,"column":54},"end":{"line":551,"column":null}},"132":{"start":{"line":553,"column":4},"end":{"line":560,"column":null}},"133":{"start":{"line":554,"column":6},"end":{"line":554,"column":null}},"134":{"start":{"line":555,"column":6},"end":{"line":559,"column":null}},"135":{"start":{"line":562,"column":4},"end":{"line":574,"column":null}},"136":{"start":{"line":576,"column":20},"end":{"line":576,"column":null}},"137":{"start":{"line":577,"column":4},"end":{"line":577,"column":null}},"138":{"start":{"line":578,"column":4},"end":{"line":582,"column":null}}},"fnMap":{"0":{"name":"checkQuestionIdsExist","decl":{"start":{"line":25,"column":22},"end":{"line":25,"column":44}},"loc":{"start":{"line":25,"column":85},"end":{"line":40,"column":null}},"line":25},"1":{"name":"deduplicateQuestionIds","decl":{"start":{"line":45,"column":16},"end":{"line":45,"column":39}},"loc":{"start":{"line":45,"column":72},"end":{"line":47,"column":null}},"line":45},"2":{"name":"createExam","decl":{"start":{"line":52,"column":22},"end":{"line":52,"column":null}},"loc":{"start":{"line":59,"column":3},"end":{"line":153,"column":null}},"line":59},"3":{"name":"(anonymous_3)","decl":{"start":{"line":86,"column":42},"end":{"line":86,"column":54}},"loc":{"start":{"line":86,"column":54},"end":{"line":144,"column":5}},"line":86},"4":{"name":"(anonymous_4)","decl":{"start":{"line":115,"column":48},"end":{"line":115,"column":49}},"loc":{"start":{"line":115,"column":72},"end":{"line":119,"column":8}},"line":115},"5":{"name":"listExams","decl":{"start":{"line":158,"column":22},"end":{"line":158,"column":null}},"loc":{"start":{"line":173,"column":3},"end":{"line":277,"column":null}},"line":173},"6":{"name":"(anonymous_6)","decl":{"start":{"line":231,"column":24},"end":{"line":231,"column":31}},"loc":{"start":{"line":231,"column":40},"end":{"line":252,"column":7}},"line":231},"7":{"name":"getExamDetails","decl":{"start":{"line":282,"column":22},"end":{"line":282,"column":null}},"loc":{"start":{"line":290,"column":3},"end":{"line":388,"column":null}},"line":290},"8":{"name":"(anonymous_8)","decl":{"start":{"line":354,"column":57},"end":{"line":354,"column":58}},"loc":{"start":{"line":354,"column":71},"end":{"line":359,"column":6}},"line":354},"9":{"name":"updateExam","decl":{"start":{"line":394,"column":22},"end":{"line":394,"column":null}},"loc":{"start":{"line":403,"column":3},"end":{"line":584,"column":null}},"line":403},"10":{"name":"(anonymous_10)","decl":{"start":{"line":458,"column":44},"end":{"line":458,"column":56}},"loc":{"start":{"line":458,"column":56},"end":{"line":533,"column":7}},"line":458},"11":{"name":"(anonymous_11)","decl":{"start":{"line":475,"column":50},"end":{"line":475,"column":51}},"loc":{"start":{"line":475,"column":74},"end":{"line":479,"column":10}},"line":475}},"branchMap":{"0":{"loc":{"start":{"line":33,"column":2},"end":{"line":36,"column":null}},"type":"if","locations":[{"start":{"line":33,"column":2},"end":{"line":36,"column":null}},{"start":{},"end":{}}],"line":33},"1":{"loc":{"start":{"line":67,"column":4},"end":{"line":72,"column":null}},"type":"if","locations":[{"start":{"line":67,"column":4},"end":{"line":72,"column":null}},{"start":{},"end":{}}],"line":67},"2":{"loc":{"start":{"line":76,"column":4},"end":{"line":81,"column":null}},"type":"if","locations":[{"start":{"line":76,"column":4},"end":{"line":81,"column":null}},{"start":{},"end":{}}],"line":76},"3":{"loc":{"start":{"line":94,"column":25},"end":{"line":94,"column":null}},"type":"binary-expr","locations":[{"start":{"line":94,"column":25},"end":{"line":94,"column":46}},{"start":{"line":94,"column":46},"end":{"line":94,"column":null}}],"line":94},"4":{"loc":{"start":{"line":103,"column":6},"end":{"line":109,"column":null}},"type":"if","locations":[{"start":{"line":103,"column":6},"end":{"line":109,"column":null}},{"start":{},"end":{}}],"line":103},"5":{"loc":{"start":{"line":103,"column":10},"end":{"line":103,"column":34}},"type":"binary-expr","locations":[{"start":{"line":103,"column":10},"end":{"line":103,"column":23}},{"start":{"line":103,"column":23},"end":{"line":103,"column":34}}],"line":103},"6":{"loc":{"start":{"line":125,"column":6},"end":{"line":133,"column":null}},"type":"if","locations":[{"start":{"line":125,"column":6},"end":{"line":133,"column":null}},{"start":{},"end":{}}],"line":125},"7":{"loc":{"start":{"line":146,"column":20},"end":{"line":146,"column":null}},"type":"cond-expr","locations":[{"start":{"line":146,"column":43},"end":{"line":146,"column":57}},{"start":{"line":146,"column":57},"end":{"line":146,"column":null}}],"line":146},"8":{"loc":{"start":{"line":176,"column":27},"end":{"line":176,"column":49}},"type":"binary-expr","locations":[{"start":{"line":176,"column":27},"end":{"line":176,"column":45}},{"start":{"line":176,"column":45},"end":{"line":176,"column":49}}],"line":176},"9":{"loc":{"start":{"line":177,"column":26},"end":{"line":177,"column":46}},"type":"binary-expr","locations":[{"start":{"line":177,"column":26},"end":{"line":177,"column":43}},{"start":{"line":177,"column":43},"end":{"line":177,"column":46}}],"line":177},"10":{"loc":{"start":{"line":200,"column":4},"end":{"line":203,"column":null}},"type":"if","locations":[{"start":{"line":200,"column":4},"end":{"line":203,"column":null}},{"start":{},"end":{}}],"line":200},"11":{"loc":{"start":{"line":208,"column":4},"end":{"line":214,"column":null}},"type":"if","locations":[{"start":{"line":208,"column":4},"end":{"line":214,"column":null}},{"start":{},"end":{}}],"line":208},"12":{"loc":{"start":{"line":221,"column":4},"end":{"line":227,"column":null}},"type":"if","locations":[{"start":{"line":221,"column":4},"end":{"line":227,"column":null}},{"start":{},"end":{}}],"line":221},"13":{"loc":{"start":{"line":231,"column":7},"end":{"line":231,"column":20}},"type":"binary-expr","locations":[{"start":{"line":231,"column":7},"end":{"line":231,"column":16}},{"start":{"line":231,"column":16},"end":{"line":231,"column":20}}],"line":231},"14":{"loc":{"start":{"line":246,"column":26},"end":{"line":246,"column":null}},"type":"binary-expr","locations":[{"start":{"line":246,"column":26},"end":{"line":246,"column":43}},{"start":{"line":246,"column":43},"end":{"line":246,"column":null}}],"line":246},"15":{"loc":{"start":{"line":255,"column":34},"end":{"line":255,"column":53}},"type":"binary-expr","locations":[{"start":{"line":255,"column":34},"end":{"line":255,"column":48}},{"start":{"line":255,"column":48},"end":{"line":255,"column":53}}],"line":255},"16":{"loc":{"start":{"line":264,"column":17},"end":{"line":264,"column":null}},"type":"binary-expr","locations":[{"start":{"line":264,"column":17},"end":{"line":264,"column":31}},{"start":{"line":264,"column":31},"end":{"line":264,"column":null}}],"line":264},"17":{"loc":{"start":{"line":270,"column":20},"end":{"line":270,"column":null}},"type":"cond-expr","locations":[{"start":{"line":270,"column":43},"end":{"line":270,"column":57}},{"start":{"line":270,"column":57},"end":{"line":270,"column":null}}],"line":270},"18":{"loc":{"start":{"line":302,"column":4},"end":{"line":316,"column":null}},"type":"if","locations":[{"start":{"line":302,"column":4},"end":{"line":316,"column":null}},{"start":{},"end":{}}],"line":302},"19":{"loc":{"start":{"line":302,"column":8},"end":{"line":302,"column":32}},"type":"binary-expr","locations":[{"start":{"line":302,"column":8},"end":{"line":302,"column":21}},{"start":{"line":302,"column":21},"end":{"line":302,"column":32}}],"line":302},"20":{"loc":{"start":{"line":303,"column":6},"end":{"line":309,"column":null}},"type":"if","locations":[{"start":{"line":303,"column":6},"end":{"line":309,"column":null}},{"start":{},"end":{}}],"line":303},"21":{"loc":{"start":{"line":319,"column":4},"end":{"line":325,"column":null}},"type":"if","locations":[{"start":{"line":319,"column":4},"end":{"line":325,"column":null}},{"start":{},"end":{}}],"line":319},"22":{"loc":{"start":{"line":344,"column":4},"end":{"line":351,"column":null}},"type":"if","locations":[{"start":{"line":344,"column":4},"end":{"line":351,"column":null}},{"start":{},"end":{}}],"line":344},"23":{"loc":{"start":{"line":354,"column":32},"end":{"line":354,"column":53}},"type":"binary-expr","locations":[{"start":{"line":354,"column":32},"end":{"line":354,"column":49}},{"start":{"line":354,"column":49},"end":{"line":354,"column":53}}],"line":354},"24":{"loc":{"start":{"line":357,"column":15},"end":{"line":357,"column":null}},"type":"binary-expr","locations":[{"start":{"line":357,"column":15},"end":{"line":357,"column":39}},{"start":{"line":357,"column":39},"end":{"line":357,"column":null}}],"line":357},"25":{"loc":{"start":{"line":380,"column":20},"end":{"line":380,"column":null}},"type":"cond-expr","locations":[{"start":{"line":380,"column":43},"end":{"line":380,"column":57}},{"start":{"line":380,"column":57},"end":{"line":380,"column":null}}],"line":380},"26":{"loc":{"start":{"line":415,"column":4},"end":{"line":421,"column":null}},"type":"if","locations":[{"start":{"line":415,"column":4},"end":{"line":421,"column":null}},{"start":{},"end":{}}],"line":415},"27":{"loc":{"start":{"line":415,"column":8},"end":{"line":415,"column":32}},"type":"binary-expr","locations":[{"start":{"line":415,"column":8},"end":{"line":415,"column":21}},{"start":{"line":415,"column":21},"end":{"line":415,"column":32}}],"line":415},"28":{"loc":{"start":{"line":427,"column":4},"end":{"line":433,"column":null}},"type":"if","locations":[{"start":{"line":427,"column":4},"end":{"line":433,"column":null}},{"start":{},"end":{}}],"line":427},"29":{"loc":{"start":{"line":436,"column":4},"end":{"line":534,"column":null}},"type":"if","locations":[{"start":{"line":436,"column":4},"end":{"line":534,"column":null}},{"start":{},"end":{}}],"line":436},"30":{"loc":{"start":{"line":439,"column":6},"end":{"line":445,"column":null}},"type":"if","locations":[{"start":{"line":439,"column":6},"end":{"line":445,"column":null}},{"start":{},"end":{}}],"line":439},"31":{"loc":{"start":{"line":448,"column":6},"end":{"line":454,"column":null}},"type":"if","locations":[{"start":{"line":448,"column":6},"end":{"line":454,"column":null}},{"start":{},"end":{}}],"line":448},"32":{"loc":{"start":{"line":465,"column":8},"end":{"line":472,"column":null}},"type":"if","locations":[{"start":{"line":465,"column":8},"end":{"line":472,"column":null}},{"start":{},"end":{}}],"line":465},"33":{"loc":{"start":{"line":485,"column":8},"end":{"line":492,"column":null}},"type":"if","locations":[{"start":{"line":485,"column":8},"end":{"line":492,"column":null}},{"start":{},"end":{}}],"line":485},"34":{"loc":{"start":{"line":499,"column":8},"end":{"line":499,"column":null}},"type":"if","locations":[{"start":{"line":499,"column":8},"end":{"line":499,"column":null}},{"start":{},"end":{}}],"line":499},"35":{"loc":{"start":{"line":500,"column":8},"end":{"line":500,"column":null}},"type":"if","locations":[{"start":{"line":500,"column":8},"end":{"line":500,"column":null}},{"start":{},"end":{}}],"line":500},"36":{"loc":{"start":{"line":501,"column":8},"end":{"line":501,"column":null}},"type":"if","locations":[{"start":{"line":501,"column":8},"end":{"line":501,"column":null}},{"start":{},"end":{}}],"line":501},"37":{"loc":{"start":{"line":502,"column":8},"end":{"line":502,"column":null}},"type":"if","locations":[{"start":{"line":502,"column":8},"end":{"line":502,"column":null}},{"start":{},"end":{}}],"line":502},"38":{"loc":{"start":{"line":511,"column":8},"end":{"line":518,"column":null}},"type":"if","locations":[{"start":{"line":511,"column":8},"end":{"line":518,"column":null}},{"start":{},"end":{}}],"line":511},"39":{"loc":{"start":{"line":511,"column":12},"end":{"line":511,"column":41}},"type":"binary-expr","locations":[{"start":{"line":511,"column":12},"end":{"line":511,"column":27}},{"start":{"line":511,"column":27},"end":{"line":511,"column":41}}],"line":511},"40":{"loc":{"start":{"line":541,"column":4},"end":{"line":541,"column":null}},"type":"if","locations":[{"start":{"line":541,"column":4},"end":{"line":541,"column":null}},{"start":{},"end":{}}],"line":541},"41":{"loc":{"start":{"line":542,"column":4},"end":{"line":542,"column":null}},"type":"if","locations":[{"start":{"line":542,"column":4},"end":{"line":542,"column":null}},{"start":{},"end":{}}],"line":542},"42":{"loc":{"start":{"line":543,"column":4},"end":{"line":543,"column":null}},"type":"if","locations":[{"start":{"line":543,"column":4},"end":{"line":543,"column":null}},{"start":{},"end":{}}],"line":543},"43":{"loc":{"start":{"line":544,"column":4},"end":{"line":544,"column":null}},"type":"if","locations":[{"start":{"line":544,"column":4},"end":{"line":544,"column":null}},{"start":{},"end":{}}],"line":544},"44":{"loc":{"start":{"line":553,"column":4},"end":{"line":560,"column":null}},"type":"if","locations":[{"start":{"line":553,"column":4},"end":{"line":560,"column":null}},{"start":{},"end":{}}],"line":553},"45":{"loc":{"start":{"line":553,"column":8},"end":{"line":553,"column":37}},"type":"binary-expr","locations":[{"start":{"line":553,"column":8},"end":{"line":553,"column":23}},{"start":{"line":553,"column":23},"end":{"line":553,"column":37}}],"line":553},"46":{"loc":{"start":{"line":576,"column":20},"end":{"line":576,"column":null}},"type":"cond-expr","locations":[{"start":{"line":576,"column":43},"end":{"line":576,"column":57}},{"start":{"line":576,"column":57},"end":{"line":576,"column":null}}],"line":576}},"s":{"0":0,"1":0,"2":0,"3":0,"4":0,"5":0,"6":5,"7":0,"8":0,"9":0,"10":0,"11":0,"12":0,"13":0,"14":0,"15":0,"16":0,"17":0,"18":0,"19":0,"20":0,"21":0,"22":0,"23":0,"24":0,"25":0,"26":0,"27":0,"28":0,"29":0,"30":0,"31":0,"32":0,"33":0,"34":0,"35":0,"36":0,"37":0,"38":0,"39":0,"40":0,"41":0,"42":0,"43":0,"44":0,"45":0,"46":0,"47":0,"48":0,"49":0,"50":0,"51":0,"52":0,"53":0,"54":0,"55":0,"56":0,"57":0,"58":0,"59":0,"60":0,"61":0,"62":0,"63":0,"64":0,"65":0,"66":0,"67":0,"68":0,"69":0,"70":0,"71":0,"72":0,"73":0,"74":0,"75":0,"76":0,"77":0,"78":0,"79":0,"80":0,"81":0,"82":0,"83":0,"84":0,"85":0,"86":0,"87":0,"88":0,"89":0,"90":0,"91":0,"92":0,"93":0,"94":0,"95":0,"96":0,"97":0,"98":0,"99":0,"100":0,"101":0,"102":0,"103":0,"104":0,"105":0,"106":0,"107":0,"108":0,"109":0,"110":0,"111":0,"112":0,"113":0,"114":0,"115":0,"116":0,"117":0,"118":0,"119":0,"120":0,"121":0,"122":0,"123":0,"124":0,"125":0,"126":0,"127":0,"128":0,"129":0,"130":0,"131":0,"132":0,"133":0,"134":0,"135":0,"136":0,"137":0,"138":0},"f":{"0":0,"1":5,"2":0,"3":0,"4":0,"5":0,"6":0,"7":0,"8":0,"9":0,"10":0,"11":0},"b":{"0":[0,0],"1":[0,0],"2":[0,0],"3":[0,0],"4":[0,0],"5":[0,0],"6":[0,0],"7":[0,0],"8":[0,0],"9":[0,0],"10":[0,0],"11":[0,0],"12":[0,0],"13":[0,0],"14":[0,0],"15":[0,0],"16":[0,0],"17":[0,0],"18":[0,0],"19":[0,0],"20":[0,0],"21":[0,0],"22":[0,0],"23":[0,0],"24":[0,0],"25":[0,0],"26":[0,0],"27":[0,0],"28":[0,0],"29":[0,0],"30":[0,0],"31":[0,0],"32":[0,0],"33":[0,0],"34":[0,0],"35":[0,0],"36":[0,0],"37":[0,0],"38":[0,0],"39":[0,0],"40":[0,0],"41":[0,0],"42":[0,0],"43":[0,0],"44":[0,0],"45":[0,0],"46":[0,0]},"meta":{"lastBranch":47,"lastFunction":12,"lastStatement":139,"seen":{"f:25:22:25:44":0,"s:26:8:26:Infinity":0,"s:28:26:31:Infinity":1,"b:33:2:36:Infinity:undefined:undefined:undefined:undefined":0,"s:33:2:36:Infinity":2,"s:34:4:34:Infinity":3,"s:35:4:35:Infinity":4,"s:39:2:39:Infinity":5,"f:45:16:45:39":1,"s:46:2:46:Infinity":6,"f:52:22:52:Infinity":2,"s:60:2:152:Infinity":7,"s:61:10:61:Infinity":8,"s:64:28:64:Infinity":9,"b:67:4:72:Infinity:undefined:undefined:undefined:undefined":1,"s:67:4:72:Infinity":10,"s:68:6:71:Infinity":11,"s:75:27:75:Infinity":12,"b:76:4:81:Infinity:undefined:undefined:undefined:undefined":2,"s:76:4:81:Infinity":13,"s:77:6:80:Infinity":14,"s:84:10:84:Infinity":15,"s:86:4:144:Infinity":16,"f:86:42:86:54":3,"s:88:51:101:Infinity":17,"b:94:25:94:46:94:46:94:Infinity":3,"b:103:6:109:Infinity:undefined:undefined:undefined:undefined":4,"s:103:6:109:Infinity":18,"b:103:10:103:23:103:23:103:34":5,"s:104:8:104:Infinity":19,"s:105:8:108:Infinity":20,"s:111:21:111:Infinity":21,"s:112:24:112:Infinity":22,"s:115:28:119:Infinity":23,"f:115:48:115:49":4,"s:115:72:119:8":24,"s:121:42:123:Infinity":25,"b:125:6:133:Infinity:undefined:undefined:undefined:undefined":6,"s:125:6:133:Infinity":26,"s:126:8:126:Infinity":27,"s:128:8:128:Infinity":28,"s:129:8:132:Infinity":29,"s:135:6:143:Infinity":30,"s:146:20:146:Infinity":31,"b:146:43:146:57:146:57:146:Infinity":7,"s:147:4:147:Infinity":32,"s:148:4:151:Infinity":33,"f:158:22:158:Infinity":5,"s:174:2:276:Infinity":34,"s:175:10:175:Infinity":35,"s:176:18:176:Infinity":36,"b:176:27:176:45:176:45:176:49":8,"s:177:17:177:Infinity":37,"b:177:26:177:43:177:43:177:46":9,"s:178:10:178:Infinity":38,"s:181:21:184:Infinity":39,"s:186:20:197:Infinity":40,"b:200:4:203:Infinity:undefined:undefined:undefined:undefined":10,"s:200:4:203:Infinity":41,"s:201:6:201:Infinity":42,"s:202:6:202:Infinity":43,"s:206:53:206:Infinity":44,"b:208:4:214:Infinity:undefined:undefined:undefined:undefined":11,"s:208:4:214:Infinity":45,"s:209:6:209:Infinity":46,"s:210:6:213:Infinity":47,"s:217:47:219:Infinity":48,"b:221:4:227:Infinity:undefined:undefined:undefined:undefined":12,"s:221:4:227:Infinity":49,"s:222:6:222:Infinity":50,"s:223:6:226:Infinity":51,"s:230:29:253:Infinity":52,"b:231:7:231:16:231:16:231:20":13,"f:231:24:231:31":6,"s:233:41:236:Infinity":53,"s:243:8:251:Infinity":54,"b:246:26:246:43:246:43:246:Infinity":14,"s:255:23:255:Infinity":55,"b:255:34:255:48:255:48:255:53":15,"s:257:4:268:Infinity":56,"b:264:17:264:31:264:31:264:Infinity":16,"s:270:20:270:Infinity":57,"b:270:43:270:57:270:57:270:Infinity":17,"s:271:4:271:Infinity":58,"s:272:4:275:Infinity":59,"f:282:22:282:Infinity":7,"s:291:2:387:Infinity":60,"s:292:10:292:Infinity":61,"s:295:49:300:Infinity":62,"b:302:4:316:Infinity:undefined:undefined:undefined:undefined":18,"s:302:4:316:Infinity":63,"b:302:8:302:21:302:21:302:32":19,"b:303:6:309:Infinity:undefined:undefined:undefined:undefined":20,"s:303:6:309:Infinity":64,"s:304:8:308:Infinity":65,"s:310:6:310:Infinity":66,"s:311:6:315:Infinity":67,"b:319:4:325:Infinity:undefined:undefined:undefined:undefined":21,"s:319:4:325:Infinity":68,"s:320:6:324:Infinity":69,"s:328:59:342:Infinity":70,"b:344:4:351:Infinity:undefined:undefined:undefined:undefined":22,"s:344:4:351:Infinity":71,"s:345:6:345:Infinity":72,"s:346:6:350:Infinity":73,"s:354:10:359:Infinity":74,"b:354:32:354:49:354:49:354:53":23,"f:354:57:354:58":8,"s:354:71:359:6":75,"b:357:15:357:39:357:39:357:Infinity":24,"s:362:21:362:Infinity":76,"s:364:4:378:Infinity":77,"s:380:20:380:Infinity":78,"b:380:43:380:57:380:57:380:Infinity":25,"s:381:4:381:Infinity":79,"s:382:4:386:Infinity":80,"f:394:22:394:Infinity":9,"s:404:2:583:Infinity":81,"s:405:10:405:Infinity":82,"s:408:49:413:Infinity":83,"b:415:4:421:Infinity:undefined:undefined:undefined:undefined":26,"s:415:4:421:Infinity":84,"b:415:8:415:21:415:21:415:32":27,"s:416:6:420:Infinity":85,"s:425:30:425:Infinity":86,"b:427:4:433:Infinity:undefined:undefined:undefined:undefined":28,"s:427:4:433:Infinity":87,"s:428:6:432:Infinity":88,"b:436:4:534:Infinity:undefined:undefined:undefined:undefined":29,"s:436:4:534:Infinity":89,"s:437:30:437:Infinity":90,"b:439:6:445:Infinity:undefined:undefined:undefined:undefined":30,"s:439:6:445:Infinity":91,"s:440:8:444:Infinity":92,"s:447:29:447:Infinity":93,"b:448:6:454:Infinity:undefined:undefined:undefined:undefined":31,"s:448:6:454:Infinity":94,"s:449:8:453:Infinity":95,"s:457:12:457:Infinity":96,"s:458:6:533:Infinity":97,"f:458:44:458:56":10,"s:460:39:463:Infinity":98,"b:465:8:472:Infinity:undefined:undefined:undefined:undefined":32,"s:465:8:472:Infinity":99,"s:466:10:466:Infinity":100,"s:467:10:471:Infinity":101,"s:475:30:479:Infinity":102,"f:475:50:475:51":11,"s:475:74:479:10":103,"s:481:39:483:Infinity":104,"b:485:8:492:Infinity:undefined:undefined:undefined:undefined":33,"s:485:8:492:Infinity":105,"s:486:10:486:Infinity":106,"s:487:10:491:Infinity":107,"s:495:32:497:Infinity":108,"b:499:8:499:Infinity:undefined:undefined:undefined:undefined":34,"s:499:8:499:Infinity":109,"s:499:38:499:Infinity":110,"b:500:8:500:Infinity:undefined:undefined:undefined:undefined":35,"s:500:8:500:Infinity":111,"s:500:45:500:Infinity":112,"b:501:8:501:Infinity:undefined:undefined:undefined:undefined":36,"s:501:8:501:Infinity":113,"s:501:50:501:Infinity":114,"b:502:8:502:Infinity:undefined:undefined:undefined:undefined":37,"s:502:8:502:Infinity":115,"s:502:47:502:Infinity":116,"s:504:58:509:Infinity":117,"b:511:8:518:Infinity:undefined:undefined:undefined:undefined":38,"s:511:8:518:Infinity":118,"b:511:12:511:27:511:27:511:41":39,"s:512:10:512:Infinity":119,"s:513:10:517:Infinity":120,"s:520:8:532:Infinity":121,"s:537:28:539:Infinity":122,"b:541:4:541:Infinity:undefined:undefined:undefined:undefined":40,"s:541:4:541:Infinity":123,"s:541:34:541:Infinity":124,"b:542:4:542:Infinity:undefined:undefined:undefined:undefined":41,"s:542:4:542:Infinity":125,"s:542:41:542:Infinity":126,"b:543:4:543:Infinity:undefined:undefined:undefined:undefined":42,"s:543:4:543:Infinity":127,"s:543:46:543:Infinity":128,"b:544:4:544:Infinity:undefined:undefined:undefined:undefined":43,"s:544:4:544:Infinity":129,"s:544:43:544:Infinity":130,"s:546:54:551:Infinity":131,"b:553:4:560:Infinity:undefined:undefined:undefined:undefined":44,"s:553:4:560:Infinity":132,"b:553:8:553:23:553:23:553:37":45,"s:554:6:554:Infinity":133,"s:555:6:559:Infinity":134,"s:562:4:574:Infinity":135,"s:576:20:576:Infinity":136,"b:576:43:576:57:576:57:576:Infinity":46,"s:577:4:577:Infinity":137,"s:578:4:582:Infinity":138}}}
}
