{"D:\\question-creator\\src\\components\\ui\\badge-utils.ts": {"path":"D:\\question-creator\\src\\components\\ui\\badge-utils.ts","statementMap":{"0":{"start":{"line":41,"column":81},"end":{"line":70,"column":null}},"1":{"start":{"line":75,"column":81},"end":{"line":104,"column":null}},"2":{"start":{"line":112,"column":18},"end":{"line":116,"column":null}},"3":{"start":{"line":117,"column":2},"end":{"line":117,"column":null}},"4":{"start":{"line":127,"column":17},"end":{"line":127,"column":null}},"5":{"start":{"line":128,"column":2},"end":{"line":130,"column":null}},"6":{"start":{"line":129,"column":4},"end":{"line":129,"column":null}},"7":{"start":{"line":131,"column":2},"end":{"line":131,"column":null}},"8":{"start":{"line":140,"column":17},"end":{"line":140,"column":null}},"9":{"start":{"line":141,"column":2},"end":{"line":141,"column":null}},"10":{"start":{"line":149,"column":2},"end":{"line":149,"column":null}}},"fnMap":{"0":{"name":"getBadgeSizeClasses","decl":{"start":{"line":111,"column":16},"end":{"line":111,"column":36}},"loc":{"start":{"line":111,"column":77},"end":{"line":118,"column":null}},"line":111},"1":{"name":"getReputationAriaLabel","decl":{"start":{"line":126,"column":16},"end":{"line":126,"column":39}},"loc":{"start":{"line":126,"column":87},"end":{"line":132,"column":null}},"line":126},"2":{"name":"getDifficultyAriaLabel","decl":{"start":{"line":139,"column":16},"end":{"line":139,"column":39}},"loc":{"start":{"line":139,"column":76},"end":{"line":142,"column":null}},"line":139},"3":{"name":"getBaseBadgeClasses","decl":{"start":{"line":148,"column":16},"end":{"line":148,"column":46}},"loc":{"start":{"line":148,"column":46},"end":{"line":150,"column":null}},"line":148}},"branchMap":{"0":{"loc":{"start":{"line":111,"column":36},"end":{"line":111,"column":77}},"type":"default-arg","locations":[{"start":{"line":111,"column":63},"end":{"line":111,"column":77}}],"line":111},"1":{"loc":{"start":{"line":128,"column":2},"end":{"line":130,"column":null}},"type":"if","locations":[{"start":{"line":128,"column":2},"end":{"line":130,"column":null}},{"start":{},"end":{}}],"line":128}},"s":{"0":2,"1":2,"2":64,"3":64,"4":29,"5":29,"6":6,"7":23,"8":35,"9":35,"10":64},"f":{"0":64,"1":29,"2":35,"3":64},"b":{"0":[64],"1":[6,23]},"meta":{"lastBranch":2,"lastFunction":4,"lastStatement":11,"seen":{"s:41:81:70:Infinity":0,"s:75:81:104:Infinity":1,"f:111:16:111:36":0,"b:111:63:111:77":0,"s:112:18:116:Infinity":2,"s:117:2:117:Infinity":3,"f:126:16:126:39":1,"s:127:17:127:Infinity":4,"b:128:2:130:Infinity:undefined:undefined:undefined:undefined":1,"s:128:2:130:Infinity":5,"s:129:4:129:Infinity":6,"s:131:2:131:Infinity":7,"f:139:16:139:39":2,"s:140:17:140:Infinity":8,"s:141:2:141:Infinity":9,"f:148:16:148:46":3,"s:149:2:149:Infinity":10}}}
,"D:\\question-creator\\src\\components\\ui\\difficulty-badge.tsx": {"path":"D:\\question-creator\\src\\components\\ui\\difficulty-badge.tsx","statementMap":{"0":{"start":{"line":46,"column":13},"end":{"line":107,"column":null}},"1":{"start":{"line":58,"column":19},"end":{"line":58,"column":null}},"2":{"start":{"line":59,"column":10},"end":{"line":59,"column":null}},"3":{"start":{"line":60,"column":10},"end":{"line":60,"column":null}},"4":{"start":{"line":61,"column":10},"end":{"line":61,"column":null}},"5":{"start":{"line":64,"column":33},"end":{"line":87,"column":null}},"6":{"start":{"line":65,"column":6},"end":{"line":65,"column":null}},"7":{"start":{"line":65,"column":21},"end":{"line":65,"column":null}},"8":{"start":{"line":67,"column":6},"end":{"line":85,"column":null}},"9":{"start":{"line":70,"column":12},"end":{"line":75,"column":null}},"10":{"start":{"line":78,"column":12},"end":{"line":83,"column":null}},"11":{"start":{"line":89,"column":27},"end":{"line":91,"column":null}},"12":{"start":{"line":93,"column":4},"end":{"line":104,"column":null}},"13":{"start":{"line":109,"column":0},"end":{"line":109,"column":null}}},"fnMap":{"0":{"name":"(anonymous_0)","decl":{"start":{"line":47,"column":2},"end":{"line":47,"column":null}},"loc":{"start":{"line":57,"column":7},"end":{"line":106,"column":null}},"line":57},"1":{"name":"(anonymous_1)","decl":{"start":{"line":64,"column":33},"end":{"line":64,"column":39}},"loc":{"start":{"line":64,"column":39},"end":{"line":87,"column":null}},"line":64},"2":{"name":"(anonymous_2)","decl":{"start":{"line":69,"column":52},"end":{"line":69,"column":53}},"loc":{"start":{"line":70,"column":12},"end":{"line":75,"column":null}},"line":70},"3":{"name":"(anonymous_3)","decl":{"start":{"line":77,"column":56},"end":{"line":77,"column":57}},"loc":{"start":{"line":78,"column":12},"end":{"line":83,"column":null}},"line":78}},"branchMap":{"0":{"loc":{"start":{"line":50,"column":6},"end":{"line":50,"column":null}},"type":"default-arg","locations":[{"start":{"line":50,"column":13},"end":{"line":50,"column":null}}],"line":50},"1":{"loc":{"start":{"line":51,"column":6},"end":{"line":51,"column":null}},"type":"default-arg","locations":[{"start":{"line":51,"column":17},"end":{"line":51,"column":null}}],"line":51},"2":{"loc":{"start":{"line":52,"column":6},"end":{"line":52,"column":null}},"type":"default-arg","locations":[{"start":{"line":52,"column":18},"end":{"line":52,"column":null}}],"line":52},"3":{"loc":{"start":{"line":53,"column":6},"end":{"line":53,"column":null}},"type":"default-arg","locations":[{"start":{"line":53,"column":18},"end":{"line":53,"column":null}}],"line":53},"4":{"loc":{"start":{"line":65,"column":6},"end":{"line":65,"column":null}},"type":"if","locations":[{"start":{"line":65,"column":6},"end":{"line":65,"column":null}},{"start":{},"end":{}}],"line":65},"5":{"loc":{"start":{"line":72,"column":28},"end":{"line":72,"column":93}},"type":"cond-expr","locations":[{"start":{"line":72,"column":44},"end":{"line":72,"column":56}},{"start":{"line":72,"column":56},"end":{"line":72,"column":93}}],"line":72},"6":{"loc":{"start":{"line":72,"column":56},"end":{"line":72,"column":93}},"type":"cond-expr","locations":[{"start":{"line":72,"column":72},"end":{"line":72,"column":84}},{"start":{"line":72,"column":84},"end":{"line":72,"column":93}}],"line":72},"7":{"loc":{"start":{"line":80,"column":28},"end":{"line":80,"column":93}},"type":"cond-expr","locations":[{"start":{"line":80,"column":44},"end":{"line":80,"column":56}},{"start":{"line":80,"column":56},"end":{"line":80,"column":93}}],"line":80},"8":{"loc":{"start":{"line":80,"column":56},"end":{"line":80,"column":93}},"type":"cond-expr","locations":[{"start":{"line":80,"column":72},"end":{"line":80,"column":84}},{"start":{"line":80,"column":84},"end":{"line":80,"column":93}}],"line":80},"9":{"loc":{"start":{"line":103,"column":9},"end":{"line":103,"column":null}},"type":"binary-expr","locations":[{"start":{"line":103,"column":9},"end":{"line":103,"column":22}},{"start":{"line":103,"column":22},"end":{"line":103,"column":null}}],"line":103}},"s":{"0":1,"1":35,"2":35,"3":35,"4":35,"5":35,"6":35,"7":1,"8":34,"9":81,"10":55,"11":35,"12":35,"13":1},"f":{"0":35,"1":35,"2":81,"3":55},"b":{"0":[35],"1":[35],"2":[35],"3":[35],"4":[1,34],"5":[1,80],"6":[5,75],"7":[3,52],"8":[3,49],"9":[35,33]},"meta":{"lastBranch":10,"lastFunction":4,"lastStatement":14,"seen":{"s:46:13:107:Infinity":0,"f:47:2:47:Infinity":0,"b:50:13:50:Infinity":0,"b:51:17:51:Infinity":1,"b:52:18:52:Infinity":2,"b:53:18:53:Infinity":3,"s:58:19:58:Infinity":1,"s:59:10:59:Infinity":2,"s:60:10:60:Infinity":3,"s:61:10:61:Infinity":4,"s:64:33:87:Infinity":5,"f:64:33:64:39":1,"b:65:6:65:Infinity:undefined:undefined:undefined:undefined":4,"s:65:6:65:Infinity":6,"s:65:21:65:Infinity":7,"s:67:6:85:Infinity":8,"f:69:52:69:53":2,"s:70:12:75:Infinity":9,"b:72:44:72:56:72:56:72:93":5,"b:72:72:72:84:72:84:72:93":6,"f:77:56:77:57":3,"s:78:12:83:Infinity":10,"b:80:44:80:56:80:56:80:93":7,"b:80:72:80:84:80:84:80:93":8,"s:89:27:91:Infinity":11,"s:93:4:104:Infinity":12,"b:103:9:103:22:103:22:103:Infinity":9,"s:109:0:109:Infinity":13}}}
,"D:\\question-creator\\src\\components\\ui\\reputation-badge.tsx": {"path":"D:\\question-creator\\src\\components\\ui\\reputation-badge.tsx","statementMap":{"0":{"start":{"line":48,"column":13},"end":{"line":115,"column":null}},"1":{"start":{"line":61,"column":19},"end":{"line":61,"column":null}},"2":{"start":{"line":62,"column":10},"end":{"line":62,"column":null}},"3":{"start":{"line":63,"column":10},"end":{"line":63,"column":null}},"4":{"start":{"line":64,"column":10},"end":{"line":64,"column":null}},"5":{"start":{"line":67,"column":28},"end":{"line":90,"column":null}},"6":{"start":{"line":68,"column":6},"end":{"line":68,"column":null}},"7":{"start":{"line":68,"column":21},"end":{"line":68,"column":null}},"8":{"start":{"line":70,"column":27},"end":{"line":75,"column":null}},"9":{"start":{"line":77,"column":24},"end":{"line":77,"column":null}},"10":{"start":{"line":78,"column":6},"end":{"line":88,"column":null}},"11":{"start":{"line":81,"column":12},"end":{"line":86,"column":null}},"12":{"start":{"line":92,"column":27},"end":{"line":94,"column":null}},"13":{"start":{"line":96,"column":4},"end":{"line":112,"column":null}},"14":{"start":{"line":117,"column":0},"end":{"line":117,"column":null}}},"fnMap":{"0":{"name":"(anonymous_0)","decl":{"start":{"line":49,"column":2},"end":{"line":49,"column":null}},"loc":{"start":{"line":60,"column":7},"end":{"line":114,"column":null}},"line":60},"1":{"name":"(anonymous_1)","decl":{"start":{"line":67,"column":28},"end":{"line":67,"column":34}},"loc":{"start":{"line":67,"column":34},"end":{"line":90,"column":null}},"line":67},"2":{"name":"(anonymous_2)","decl":{"start":{"line":80,"column":49},"end":{"line":80,"column":50}},"loc":{"start":{"line":81,"column":12},"end":{"line":86,"column":null}},"line":81}},"branchMap":{"0":{"loc":{"start":{"line":53,"column":6},"end":{"line":53,"column":null}},"type":"default-arg","locations":[{"start":{"line":53,"column":13},"end":{"line":53,"column":null}}],"line":53},"1":{"loc":{"start":{"line":54,"column":6},"end":{"line":54,"column":null}},"type":"default-arg","locations":[{"start":{"line":54,"column":18},"end":{"line":54,"column":null}}],"line":54},"2":{"loc":{"start":{"line":55,"column":6},"end":{"line":55,"column":null}},"type":"default-arg","locations":[{"start":{"line":55,"column":17},"end":{"line":55,"column":null}}],"line":55},"3":{"loc":{"start":{"line":56,"column":6},"end":{"line":56,"column":null}},"type":"default-arg","locations":[{"start":{"line":56,"column":18},"end":{"line":56,"column":null}}],"line":56},"4":{"loc":{"start":{"line":68,"column":6},"end":{"line":68,"column":null}},"type":"if","locations":[{"start":{"line":68,"column":6},"end":{"line":68,"column":null}},{"start":{},"end":{}}],"line":68},"5":{"loc":{"start":{"line":83,"column":36},"end":{"line":83,"column":101}},"type":"cond-expr","locations":[{"start":{"line":83,"column":52},"end":{"line":83,"column":64}},{"start":{"line":83,"column":64},"end":{"line":83,"column":101}}],"line":83},"6":{"loc":{"start":{"line":83,"column":64},"end":{"line":83,"column":101}},"type":"cond-expr","locations":[{"start":{"line":83,"column":80},"end":{"line":83,"column":92}},{"start":{"line":83,"column":92},"end":{"line":83,"column":101}}],"line":83},"7":{"loc":{"start":{"line":107,"column":9},"end":{"line":110,"column":null}},"type":"binary-expr","locations":[{"start":{"line":107,"column":9},"end":{"line":107,"column":22}},{"start":{"line":107,"column":22},"end":{"line":107,"column":null}},{"start":{"line":108,"column":10},"end":{"line":110,"column":null}}],"line":107}},"s":{"0":1,"1":29,"2":29,"3":29,"4":29,"5":29,"6":29,"7":25,"8":4,"9":4,"10":4,"11":12,"12":29,"13":29,"14":1},"f":{"0":29,"1":29,"2":12},"b":{"0":[29],"1":[29],"2":[29],"3":[29],"4":[25,4],"5":[0,12],"6":[4,8],"7":[29,6,5]},"meta":{"lastBranch":8,"lastFunction":3,"lastStatement":15,"seen":{"s:48:13:115:Infinity":0,"f:49:2:49:Infinity":0,"b:53:13:53:Infinity":0,"b:54:18:54:Infinity":1,"b:55:17:55:Infinity":2,"b:56:18:56:Infinity":3,"s:61:19:61:Infinity":1,"s:62:10:62:Infinity":2,"s:63:10:63:Infinity":3,"s:64:10:64:Infinity":4,"s:67:28:90:Infinity":5,"f:67:28:67:34":1,"b:68:6:68:Infinity:undefined:undefined:undefined:undefined":4,"s:68:6:68:Infinity":6,"s:68:21:68:Infinity":7,"s:70:27:75:Infinity":8,"s:77:24:77:Infinity":9,"s:78:6:88:Infinity":10,"f:80:49:80:50":2,"s:81:12:86:Infinity":11,"b:83:52:83:64:83:64:83:101":5,"b:83:80:83:92:83:92:83:101":6,"s:92:27:94:Infinity":12,"s:96:4:112:Infinity":13,"b:107:9:107:22:107:22:107:Infinity:108:10:110:Infinity":7,"s:117:0:117:Infinity":14}}}
}
